INFO - 2023-09-19 03:03:38 --> Session: Class initialized using 'CodeIgniter\Session\Handlers\FileHandler' driver.
CRITICAL - 2023-09-19 04:11:31 --> Undefined variable $tampildata
in APPPATH\Views\barang\viewbarang.php on line 33.
 1 APPPATH\Views\barang\viewbarang.php(33): CodeIgniter\Debug\Exceptions->errorHandler(2, 'Undefined variable $tampildata', 'C:\\xampp\\htdocs\\prjkgudang\\app\\Views\\barang\\viewbarang.php', 33)
 2 SYSTEMPATH\View\View.php(224): include('C:\\xampp\\htdocs\\prjkgudang\\app\\Views\\barang\\viewbarang.php')
 3 SYSTEMPATH\View\View.php(227): CodeIgniter\View\View->CodeIgniter\View\{closure}()
 4 SYSTEMPATH\Common.php(1180): CodeIgniter\View\View->render('barang/viewbarang', [], true)
 5 APPPATH\Controllers\Barang.php(11): view('barang/viewbarang')
 6 SYSTEMPATH\CodeIgniter.php(932): App\Controllers\Barang->index()
 7 SYSTEMPATH\CodeIgniter.php(497): CodeIgniter\CodeIgniter->runController(Object(App\Controllers\Barang))
 8 SYSTEMPATH\CodeIgniter.php(366): CodeIgniter\CodeIgniter->handleRequest(null, Object(Config\Cache), false)
 9 FCPATH\index.php(67): CodeIgniter\CodeIgniter->run()
10 SYSTEMPATH\Commands\Server\rewrite.php(47): require_once('C:\\xampp\\htdocs\\prjkgudang\\public\\index.php')
CRITICAL - 2023-09-19 04:35:58 --> Undefined variable $tampildata
in APPPATH\Views\barang\viewbarang.php on line 33.
 1 APPPATH\Views\barang\viewbarang.php(33): CodeIgniter\Debug\Exceptions->errorHandler(2, 'Undefined variable $tampildata', 'C:\\xampp\\htdocs\\prjkgudang\\app\\Views\\barang\\viewbarang.php', 33)
 2 SYSTEMPATH\View\View.php(224): include('C:\\xampp\\htdocs\\prjkgudang\\app\\Views\\barang\\viewbarang.php')
 3 SYSTEMPATH\View\View.php(227): CodeIgniter\View\View->CodeIgniter\View\{closure}()
 4 SYSTEMPATH\Common.php(1180): CodeIgniter\View\View->render('barang/viewbarang', [], true)
 5 APPPATH\Controllers\Barang.php(11): view('barang/viewbarang')
 6 SYSTEMPATH\CodeIgniter.php(932): App\Controllers\Barang->index()
 7 SYSTEMPATH\CodeIgniter.php(497): CodeIgniter\CodeIgniter->runController(Object(App\Controllers\Barang))
 8 SYSTEMPATH\CodeIgniter.php(366): CodeIgniter\CodeIgniter->handleRequest(null, Object(Config\Cache), false)
 9 FCPATH\index.php(67): CodeIgniter\CodeIgniter->run()
10 SYSTEMPATH\Commands\Server\rewrite.php(47): require_once('C:\\xampp\\htdocs\\prjkgudang\\public\\index.php')
CRITICAL - 2023-09-19 04:35:59 --> Undefined variable $tampildata
in APPPATH\Views\barang\viewbarang.php on line 33.
 1 APPPATH\Views\barang\viewbarang.php(33): CodeIgniter\Debug\Exceptions->errorHandler(2, 'Undefined variable $tampildata', 'C:\\xampp\\htdocs\\prjkgudang\\app\\Views\\barang\\viewbarang.php', 33)
 2 SYSTEMPATH\View\View.php(224): include('C:\\xampp\\htdocs\\prjkgudang\\app\\Views\\barang\\viewbarang.php')
 3 SYSTEMPATH\View\View.php(227): CodeIgniter\View\View->CodeIgniter\View\{closure}()
 4 SYSTEMPATH\Common.php(1180): CodeIgniter\View\View->render('barang/viewbarang', [], true)
 5 APPPATH\Controllers\Barang.php(11): view('barang/viewbarang')
 6 SYSTEMPATH\CodeIgniter.php(932): App\Controllers\Barang->index()
 7 SYSTEMPATH\CodeIgniter.php(497): CodeIgniter\CodeIgniter->runController(Object(App\Controllers\Barang))
 8 SYSTEMPATH\CodeIgniter.php(366): CodeIgniter\CodeIgniter->handleRequest(null, Object(Config\Cache), false)
 9 FCPATH\index.php(67): CodeIgniter\CodeIgniter->run()
10 SYSTEMPATH\Commands\Server\rewrite.php(47): require_once('C:\\xampp\\htdocs\\prjkgudang\\public\\index.php')
CRITICAL - 2023-09-19 04:35:59 --> Undefined variable $tampildata
in APPPATH\Views\barang\viewbarang.php on line 33.
 1 APPPATH\Views\barang\viewbarang.php(33): CodeIgniter\Debug\Exceptions->errorHandler(2, 'Undefined variable $tampildata', 'C:\\xampp\\htdocs\\prjkgudang\\app\\Views\\barang\\viewbarang.php', 33)
 2 SYSTEMPATH\View\View.php(224): include('C:\\xampp\\htdocs\\prjkgudang\\app\\Views\\barang\\viewbarang.php')
 3 SYSTEMPATH\View\View.php(227): CodeIgniter\View\View->CodeIgniter\View\{closure}()
 4 SYSTEMPATH\Common.php(1180): CodeIgniter\View\View->render('barang/viewbarang', [], true)
 5 APPPATH\Controllers\Barang.php(11): view('barang/viewbarang')
 6 SYSTEMPATH\CodeIgniter.php(932): App\Controllers\Barang->index()
 7 SYSTEMPATH\CodeIgniter.php(497): CodeIgniter\CodeIgniter->runController(Object(App\Controllers\Barang))
 8 SYSTEMPATH\CodeIgniter.php(366): CodeIgniter\CodeIgniter->handleRequest(null, Object(Config\Cache), false)
 9 FCPATH\index.php(67): CodeIgniter\CodeIgniter->run()
10 SYSTEMPATH\Commands\Server\rewrite.php(47): require_once('C:\\xampp\\htdocs\\prjkgudang\\public\\index.php')
CRITICAL - 2023-09-19 04:35:59 --> Undefined variable $tampildata
in APPPATH\Views\barang\viewbarang.php on line 33.
 1 APPPATH\Views\barang\viewbarang.php(33): CodeIgniter\Debug\Exceptions->errorHandler(2, 'Undefined variable $tampildata', 'C:\\xampp\\htdocs\\prjkgudang\\app\\Views\\barang\\viewbarang.php', 33)
 2 SYSTEMPATH\View\View.php(224): include('C:\\xampp\\htdocs\\prjkgudang\\app\\Views\\barang\\viewbarang.php')
 3 SYSTEMPATH\View\View.php(227): CodeIgniter\View\View->CodeIgniter\View\{closure}()
 4 SYSTEMPATH\Common.php(1180): CodeIgniter\View\View->render('barang/viewbarang', [], true)
 5 APPPATH\Controllers\Barang.php(11): view('barang/viewbarang')
 6 SYSTEMPATH\CodeIgniter.php(932): App\Controllers\Barang->index()
 7 SYSTEMPATH\CodeIgniter.php(497): CodeIgniter\CodeIgniter->runController(Object(App\Controllers\Barang))
 8 SYSTEMPATH\CodeIgniter.php(366): CodeIgniter\CodeIgniter->handleRequest(null, Object(Config\Cache), false)
 9 FCPATH\index.php(67): CodeIgniter\CodeIgniter->run()
10 SYSTEMPATH\Commands\Server\rewrite.php(47): require_once('C:\\xampp\\htdocs\\prjkgudang\\public\\index.php')
CRITICAL - 2023-09-19 04:35:59 --> Undefined variable $tampildata
in APPPATH\Views\barang\viewbarang.php on line 33.
 1 APPPATH\Views\barang\viewbarang.php(33): CodeIgniter\Debug\Exceptions->errorHandler(2, 'Undefined variable $tampildata', 'C:\\xampp\\htdocs\\prjkgudang\\app\\Views\\barang\\viewbarang.php', 33)
 2 SYSTEMPATH\View\View.php(224): include('C:\\xampp\\htdocs\\prjkgudang\\app\\Views\\barang\\viewbarang.php')
 3 SYSTEMPATH\View\View.php(227): CodeIgniter\View\View->CodeIgniter\View\{closure}()
 4 SYSTEMPATH\Common.php(1180): CodeIgniter\View\View->render('barang/viewbarang', [], true)
 5 APPPATH\Controllers\Barang.php(11): view('barang/viewbarang')
 6 SYSTEMPATH\CodeIgniter.php(932): App\Controllers\Barang->index()
 7 SYSTEMPATH\CodeIgniter.php(497): CodeIgniter\CodeIgniter->runController(Object(App\Controllers\Barang))
 8 SYSTEMPATH\CodeIgniter.php(366): CodeIgniter\CodeIgniter->handleRequest(null, Object(Config\Cache), false)
 9 FCPATH\index.php(67): CodeIgniter\CodeIgniter->run()
10 SYSTEMPATH\Commands\Server\rewrite.php(47): require_once('C:\\xampp\\htdocs\\prjkgudang\\public\\index.php')
ERROR - 2023-09-19 04:41:49 --> mysqli_sql_exception: Unknown column 'brgkatid' in 'on clause' in C:\xampp\htdocs\prjkgudang\system\Database\MySQLi\Connection.php:295
Stack trace:
#0 C:\xampp\htdocs\prjkgudang\system\Database\MySQLi\Connection.php(295): mysqli->query('SELECT *\nFROM `...', 0)
#1 C:\xampp\htdocs\prjkgudang\system\Database\BaseConnection.php(692): CodeIgniter\Database\MySQLi\Connection->execute('SELECT *\nFROM `...')
#2 C:\xampp\htdocs\prjkgudang\system\Database\BaseConnection.php(606): CodeIgniter\Database\BaseConnection->simpleQuery('SELECT *\nFROM `...')
#3 C:\xampp\htdocs\prjkgudang\system\Database\BaseBuilder.php(1616): CodeIgniter\Database\BaseConnection->query('SELECT *\nFROM `...', Array, false)
#4 C:\xampp\htdocs\prjkgudang\system\Model.php(836): CodeIgniter\Database\BaseBuilder->get()
#5 C:\xampp\htdocs\prjkgudang\app\Models\Modelbarang.php(17): CodeIgniter\Model->__call('get', Array)
#6 C:\xampp\htdocs\prjkgudang\app\Controllers\Barang.php(19): App\Models\Modelbarang->tampildata()
#7 C:\xampp\htdocs\prjkgudang\system\CodeIgniter.php(932): App\Controllers\Barang->index()
#8 C:\xampp\htdocs\prjkgudang\system\CodeIgniter.php(497): CodeIgniter\CodeIgniter->runController(Object(App\Controllers\Barang))
#9 C:\xampp\htdocs\prjkgudang\system\CodeIgniter.php(366): CodeIgniter\CodeIgniter->handleRequest(NULL, Object(Config\Cache), false)
#10 C:\xampp\htdocs\prjkgudang\public\index.php(67): CodeIgniter\CodeIgniter->run()
#11 C:\xampp\htdocs\prjkgudang\system\Commands\Server\rewrite.php(47): require_once('C:\\xampp\\htdocs...')
#12 {main}
CRITICAL - 2023-09-19 04:41:49 --> Unknown column 'brgkatid' in 'on clause'
in SYSTEMPATH\Database\MySQLi\Connection.php on line 295.
 1 SYSTEMPATH\Database\MySQLi\Connection.php(295): mysqli->query('SELECT *
FROM `barang`
JOIN `kategori` ON `brgkatid`=`katid`
JOIN `satuan` ON `brgsatid`=`satid`', 0)
 2 SYSTEMPATH\Database\BaseConnection.php(692): CodeIgniter\Database\MySQLi\Connection->execute('SELECT *
FROM `barang`
JOIN `kategori` ON `brgkatid`=`katid`
JOIN `satuan` ON `brgsatid`=`satid`')
 3 SYSTEMPATH\Database\BaseConnection.php(606): CodeIgniter\Database\BaseConnection->simpleQuery('SELECT *
FROM `barang`
JOIN `kategori` ON `brgkatid`=`katid`
JOIN `satuan` ON `brgsatid`=`satid`')
 4 SYSTEMPATH\Database\BaseBuilder.php(1616): CodeIgniter\Database\BaseConnection->query('SELECT *
FROM `barang`
JOIN `kategori` ON `brgkatid`=`katid`
JOIN `satuan` ON `brgsatid`=`satid`', [], false)
 5 SYSTEMPATH\Model.php(836): CodeIgniter\Database\BaseBuilder->get()
 6 APPPATH\Models\Modelbarang.php(17): CodeIgniter\Model->__call('get', [])
 7 APPPATH\Controllers\Barang.php(19): App\Models\Modelbarang->tampildata()
 8 SYSTEMPATH\CodeIgniter.php(932): App\Controllers\Barang->index()
 9 SYSTEMPATH\CodeIgniter.php(497): CodeIgniter\CodeIgniter->runController(Object(App\Controllers\Barang))
10 SYSTEMPATH\CodeIgniter.php(366): CodeIgniter\CodeIgniter->handleRequest(null, Object(Config\Cache), false)
11 FCPATH\index.php(67): CodeIgniter\CodeIgniter->run()
12 SYSTEMPATH\Commands\Server\rewrite.php(47): require_once('C:\\xampp\\htdocs\\prjkgudang\\public\\index.php')
INFO - 2023-09-19 05:01:44 --> Session: Class initialized using 'CodeIgniter\Session\Handlers\FileHandler' driver.
INFO - 2023-09-19 05:01:56 --> Session: Class initialized using 'CodeIgniter\Session\Handlers\FileHandler' driver.
