INFO - 2023-10-03 01:44:22 --> Session: Class initialized using 'CodeIgniter\Session\Handlers\FileHandler' driver.
INFO - 2023-10-03 02:24:03 --> Session: Class initialized using 'CodeIgniter\Session\Handlers\FileHandler' driver.
ERROR - 2023-10-03 02:24:11 --> mysqli_sql_exception: Unknown column 'barang.id' in 'where clause' in C:\xampp\htdocs\prjkgudang\system\Database\MySQLi\Connection.php:295
Stack trace:
#0 C:\xampp\htdocs\prjkgudang\system\Database\MySQLi\Connection.php(295): mysqli->query('SELECT *\nFROM `...', 0)
#1 C:\xampp\htdocs\prjkgudang\system\Database\BaseConnection.php(692): CodeIgniter\Database\MySQLi\Connection->execute('SELECT *\nFROM `...')
#2 C:\xampp\htdocs\prjkgudang\system\Database\BaseConnection.php(606): CodeIgniter\Database\BaseConnection->simpleQuery('SELECT *\nFROM `...')
#3 C:\xampp\htdocs\prjkgudang\system\Database\BaseBuilder.php(1616): CodeIgniter\Database\BaseConnection->query('SELECT *\nFROM `...', Array, false)
#4 C:\xampp\htdocs\prjkgudang\system\Model.php(200): CodeIgniter\Database\BaseBuilder->get()
#5 C:\xampp\htdocs\prjkgudang\system\BaseModel.php(557): CodeIgniter\Model->doFind(true, '111')
#6 C:\xampp\htdocs\prjkgudang\app\Controllers\Barang.php(232): CodeIgniter\BaseModel->find('111')
#7 C:\xampp\htdocs\prjkgudang\system\CodeIgniter.php(932): App\Controllers\Barang->updatedata()
#8 C:\xampp\htdocs\prjkgudang\system\CodeIgniter.php(497): CodeIgniter\CodeIgniter->runController(Object(App\Controllers\Barang))
#9 C:\xampp\htdocs\prjkgudang\system\CodeIgniter.php(366): CodeIgniter\CodeIgniter->handleRequest(NULL, Object(Config\Cache), false)
#10 C:\xampp\htdocs\prjkgudang\public\index.php(67): CodeIgniter\CodeIgniter->run()
#11 C:\xampp\htdocs\prjkgudang\system\Commands\Server\rewrite.php(47): require_once('C:\\xampp\\htdocs...')
#12 {main}
CRITICAL - 2023-10-03 02:24:11 --> Unknown column 'barang.id' in 'where clause'
in SYSTEMPATH\Database\MySQLi\Connection.php on line 295.
 1 SYSTEMPATH\Database\MySQLi\Connection.php(295): mysqli->query('SELECT *
FROM `barang`
WHERE `barang`.`id` = \'111\'', 0)
 2 SYSTEMPATH\Database\BaseConnection.php(692): CodeIgniter\Database\MySQLi\Connection->execute('SELECT *
FROM `barang`
WHERE `barang`.`id` = \'111\'')
 3 SYSTEMPATH\Database\BaseConnection.php(606): CodeIgniter\Database\BaseConnection->simpleQuery('SELECT *
FROM `barang`
WHERE `barang`.`id` = \'111\'')
 4 SYSTEMPATH\Database\BaseBuilder.php(1616): CodeIgniter\Database\BaseConnection->query('SELECT *
FROM `barang`
WHERE `barang`.`id` = :barang.id:', [...], false)
 5 SYSTEMPATH\Model.php(200): CodeIgniter\Database\BaseBuilder->get()
 6 SYSTEMPATH\BaseModel.php(557): CodeIgniter\Model->doFind(true, '111')
 7 APPPATH\Controllers\Barang.php(232): CodeIgniter\BaseModel->find('111')
 8 SYSTEMPATH\CodeIgniter.php(932): App\Controllers\Barang->updatedata()
 9 SYSTEMPATH\CodeIgniter.php(497): CodeIgniter\CodeIgniter->runController(Object(App\Controllers\Barang))
10 SYSTEMPATH\CodeIgniter.php(366): CodeIgniter\CodeIgniter->handleRequest(null, Object(Config\Cache), false)
11 FCPATH\index.php(67): CodeIgniter\CodeIgniter->run()
12 SYSTEMPATH\Commands\Server\rewrite.php(47): require_once('C:\\xampp\\htdocs\\prjkgudang\\public\\index.php')
INFO - 2023-10-03 02:24:16 --> Session: Class initialized using 'CodeIgniter\Session\Handlers\FileHandler' driver.
INFO - 2023-10-03 04:42:21 --> Session: Class initialized using 'CodeIgniter\Session\Handlers\FileHandler' driver.
INFO - 2023-10-03 04:42:22 --> Session: Class initialized using 'CodeIgniter\Session\Handlers\FileHandler' driver.
INFO - 2023-10-03 04:42:24 --> Session: Class initialized using 'CodeIgniter\Session\Handlers\FileHandler' driver.
ERROR - 2023-10-03 04:42:28 --> mysqli_sql_exception: Unknown column 'barang.id' in 'where clause' in C:\xampp\htdocs\prjkgudang\system\Database\MySQLi\Connection.php:295
Stack trace:
#0 C:\xampp\htdocs\prjkgudang\system\Database\MySQLi\Connection.php(295): mysqli->query('SELECT *\nFROM `...', 0)
#1 C:\xampp\htdocs\prjkgudang\system\Database\BaseConnection.php(692): CodeIgniter\Database\MySQLi\Connection->execute('SELECT *\nFROM `...')
#2 C:\xampp\htdocs\prjkgudang\system\Database\BaseConnection.php(606): CodeIgniter\Database\BaseConnection->simpleQuery('SELECT *\nFROM `...')
#3 C:\xampp\htdocs\prjkgudang\system\Database\BaseBuilder.php(1616): CodeIgniter\Database\BaseConnection->query('SELECT *\nFROM `...', Array, false)
#4 C:\xampp\htdocs\prjkgudang\system\Model.php(200): CodeIgniter\Database\BaseBuilder->get()
#5 C:\xampp\htdocs\prjkgudang\system\BaseModel.php(557): CodeIgniter\Model->doFind(true, '111')
#6 C:\xampp\htdocs\prjkgudang\app\Controllers\Barang.php(232): CodeIgniter\BaseModel->find('111')
#7 C:\xampp\htdocs\prjkgudang\system\CodeIgniter.php(932): App\Controllers\Barang->updatedata()
#8 C:\xampp\htdocs\prjkgudang\system\CodeIgniter.php(497): CodeIgniter\CodeIgniter->runController(Object(App\Controllers\Barang))
#9 C:\xampp\htdocs\prjkgudang\system\CodeIgniter.php(366): CodeIgniter\CodeIgniter->handleRequest(NULL, Object(Config\Cache), false)
#10 C:\xampp\htdocs\prjkgudang\public\index.php(67): CodeIgniter\CodeIgniter->run()
#11 C:\xampp\htdocs\prjkgudang\system\Commands\Server\rewrite.php(47): require_once('C:\\xampp\\htdocs...')
#12 {main}
CRITICAL - 2023-10-03 04:42:28 --> Unknown column 'barang.id' in 'where clause'
in SYSTEMPATH\Database\MySQLi\Connection.php on line 295.
 1 SYSTEMPATH\Database\MySQLi\Connection.php(295): mysqli->query('SELECT *
FROM `barang`
WHERE `barang`.`id` = \'111\'', 0)
 2 SYSTEMPATH\Database\BaseConnection.php(692): CodeIgniter\Database\MySQLi\Connection->execute('SELECT *
FROM `barang`
WHERE `barang`.`id` = \'111\'')
 3 SYSTEMPATH\Database\BaseConnection.php(606): CodeIgniter\Database\BaseConnection->simpleQuery('SELECT *
FROM `barang`
WHERE `barang`.`id` = \'111\'')
 4 SYSTEMPATH\Database\BaseBuilder.php(1616): CodeIgniter\Database\BaseConnection->query('SELECT *
FROM `barang`
WHERE `barang`.`id` = :barang.id:', [...], false)
 5 SYSTEMPATH\Model.php(200): CodeIgniter\Database\BaseBuilder->get()
 6 SYSTEMPATH\BaseModel.php(557): CodeIgniter\Model->doFind(true, '111')
 7 APPPATH\Controllers\Barang.php(232): CodeIgniter\BaseModel->find('111')
 8 SYSTEMPATH\CodeIgniter.php(932): App\Controllers\Barang->updatedata()
 9 SYSTEMPATH\CodeIgniter.php(497): CodeIgniter\CodeIgniter->runController(Object(App\Controllers\Barang))
10 SYSTEMPATH\CodeIgniter.php(366): CodeIgniter\CodeIgniter->handleRequest(null, Object(Config\Cache), false)
11 FCPATH\index.php(67): CodeIgniter\CodeIgniter->run()
12 SYSTEMPATH\Commands\Server\rewrite.php(47): require_once('C:\\xampp\\htdocs\\prjkgudang\\public\\index.php')
INFO - 2023-10-03 04:42:30 --> Session: Class initialized using 'CodeIgniter\Session\Handlers\FileHandler' driver.
